[15-Oct-2020 17:39:13 UTC] PHP Notice:  Undefined index: passwordless_html in /home/shopfuzz/public_html/phammanh.com/wp-content/plugins/loginizer/init.php on line 324
[15-Oct-2020 17:39:14 UTC] PHP Notice:  Undefined index: passwordless_html in /home/shopfuzz/public_html/phammanh.com/wp-content/plugins/loginizer/init.php on line 324
[15-Oct-2020 17:39:17 UTC] PHP Notice:  Undefined index: passwordless_html in /home/shopfuzz/public_html/phammanh.com/wp-content/plugins/loginizer/init.php on line 324
[15-Oct-2020 17:39:18 UTC] PHP Notice:  Undefined index: passwordless_html in /home/shopfuzz/public_html/phammanh.com/wp-content/plugins/loginizer/init.php on line 324
[15-Oct-2020 17:39:20 UTC] PHP Notice:  Undefined index: passwordless_html in /home/shopfuzz/public_html/phammanh.com/wp-content/plugins/loginizer/init.php on line 324
[15-Oct-2020 17:40:22 UTC] PHP Notice:  Undefined index: passwordless_html in /home/shopfuzz/public_html/phammanh.com/wp-content/plugins/loginizer/init.php on line 324
[15-Oct-2020 17:40:23 UTC] PHP Notice:  Undefined index: passwordless_html in /home/shopfuzz/public_html/phammanh.com/wp-content/plugins/loginizer/init.php on line 324
[15-Oct-2020 17:40:59 UTC] PHP Notice:  Undefined index: passwordless_html in /home/shopfuzz/public_html/phammanh.com/wp-content/plugins/loginizer/init.php on line 324
[15-Oct-2020 17:41:00 UTC] PHP Notice:  Undefined index: passwordless_html in /home/shopfuzz/public_html/phammanh.com/wp-content/plugins/loginizer/init.php on line 324
[15-Oct-2020 17:41:24 UTC] PHP Notice:  Undefined index: passwordless_html in /home/shopfuzz/public_html/phammanh.com/wp-content/plugins/loginizer/init.php on line 324
[15-Oct-2020 17:41:24 UTC] PHP Notice:  Undefined index: passwordless_html in /home/shopfuzz/public_html/phammanh.com/wp-content/plugins/loginizer/init.php on line 324
[15-Oct-2020 17:41:24 UTC] PHP Notice:  Undefined index: passwordless_html in /home/shopfuzz/public_html/phammanh.com/wp-content/plugins/loginizer/init.php on line 324
[15-Oct-2020 17:41:24 UTC] PHP Notice:  Undefined index: passwordless_html in /home/shopfuzz/public_html/phammanh.com/wp-content/plugins/loginizer/init.php on line 324
[15-Oct-2020 17:42:14 UTC] PHP Notice:  Undefined index: passwordless_html in /home/shopfuzz/public_html/phammanh.com/wp-content/plugins/loginizer/init.php on line 324
[15-Oct-2020 17:42:22 UTC] PHP Notice:  Undefined index: passwordless_html in /home/shopfuzz/public_html/phammanh.com/wp-content/plugins/loginizer/init.php on line 324
[15-Oct-2020 17:42:36 UTC] PHP Notice:  Undefined index: passwordless_html in /home/shopfuzz/public_html/phammanh.com/wp-content/plugins/loginizer/init.php on line 324
[15-Oct-2020 17:43:23 UTC] PHP Notice:  Undefined index: passwordless_html in /home/shopfuzz/public_html/phammanh.com/wp-content/plugins/loginizer/init.php on line 324
[15-Oct-2020 17:43:23 UTC] PHP Notice:  Undefined index: passwordless_html in /home/shopfuzz/public_html/phammanh.com/wp-content/plugins/loginizer/init.php on line 324
[15-Oct-2020 17:43:37 UTC] PHP Notice:  Undefined index: passwordless_html in /home/shopfuzz/public_html/phammanh.com/wp-content/plugins/loginizer/init.php on line 324
[15-Oct-2020 17:43:58 UTC] PHP Notice:  Undefined index: passwordless_html in /home/shopfuzz/public_html/phammanh.com/wp-content/plugins/loginizer/init.php on line 324
[15-Oct-2020 17:43:58 UTC] PHP Notice:  Undefined index: passwordless_html in /home/shopfuzz/public_html/phammanh.com/wp-content/plugins/loginizer/init.php on line 324
[15-Oct-2020 17:54:09 UTC] PHP Notice:  Trying to get property 'ID' of non-object in /home/shopfuzz/public_html/phammanh.com/wp-content/plugins/raratheme-companion/includes/class-raratheme-companion-templates.php on line 18
[15-Oct-2020 17:54:09 UTC] PHP Notice:  Trying to get property 'ID' of non-object in /home/shopfuzz/public_html/phammanh.com/wp-content/plugins/raratheme-companion/includes/class-raratheme-companion-templates.php on line 18
[15-Oct-2020 17:54:11 UTC] PHP Notice:  Trying to get property 'ID' of non-object in /home/shopfuzz/public_html/phammanh.com/wp-content/plugins/raratheme-companion/includes/class-raratheme-companion-templates.php on line 18
[15-Oct-2020 17:54:11 UTC] PHP Notice:  Trying to get property 'ID' of non-object in /home/shopfuzz/public_html/phammanh.com/wp-content/plugins/raratheme-companion/includes/class-raratheme-companion-templates.php on line 18
[15-Oct-2020 18:13:22 UTC] PHP Notice:  Trying to get property 'ID' of non-object in /home/shopfuzz/public_html/phammanh.com/wp-content/plugins/raratheme-companion/includes/class-raratheme-companion-templates.php on line 18
[15-Oct-2020 18:13:22 UTC] PHP Notice:  Trying to get property 'ID' of non-object in /home/shopfuzz/public_html/phammanh.com/wp-content/plugins/raratheme-companion/includes/class-raratheme-companion-templates.php on line 18
[15-Oct-2020 18:13:22 UTC] PHP Notice:  Trying to get property 'ID' of non-object in /home/shopfuzz/public_html/phammanh.com/wp-content/plugins/raratheme-companion/includes/class-raratheme-companion-templates.php on line 18
[15-Oct-2020 18:13:22 UTC] PHP Notice:  Trying to get property 'ID' of non-object in /home/shopfuzz/public_html/phammanh.com/wp-content/plugins/raratheme-companion/includes/class-raratheme-companion-templates.php on line 18
[16-Oct-2020 00:23:00 UTC] PHP Fatal error:  Uncaught Error: Call to undefined function workio_get_products() in /home/shopfuzz/public_html/phammanh.com/wp-content/themes/workio/inc/vendors/elementor/wc-paid-listings-widgets/packages.php:458
Stack trace:
#0 /home/shopfuzz/public_html/phammanh.com/wp-content/plugins/elementor/includes/base/widget-base.php(530): Workio_Elementor_Jobs_Packages->render()
#1 /home/shopfuzz/public_html/phammanh.com/wp-content/plugins/elementor/includes/base/widget-base.php(660): Elementor\Widget_Base->render_content()
#2 /home/shopfuzz/public_html/phammanh.com/wp-content/plugins/elementor/includes/base/element-base.php(644): Elementor\Widget_Base->_print_content()
#3 /home/shopfuzz/public_html/phammanh.com/wp-content/plugins/elementor/includes/base/element-base.php(864): Elementor\Element_Base->print_element()
#4 /home/shopfuzz/public_html/phammanh.com/wp-content/plugins/elementor/includes/base/element-base.php(644): Elementor\Element_Base->_print_content()
#5 /home/shopfuzz/public_html/phammanh.com/wp-content/plugins/element in /home/shopfuzz/public_html/phammanh.com/wp-content/themes/workio/inc/vendors/elementor/wc-paid-listings-widgets/packages.php on line 458
[16-Oct-2020 00:23:56 UTC] PHP Notice:  Trying to get property 'ID' of non-object in /home/shopfuzz/public_html/phammanh.com/wp-content/plugins/raratheme-companion/includes/class-raratheme-companion-templates.php on line 18
[16-Oct-2020 00:23:56 UTC] PHP Notice:  Trying to get property 'ID' of non-object in /home/shopfuzz/public_html/phammanh.com/wp-content/plugins/raratheme-companion/includes/class-raratheme-companion-templates.php on line 18
[16-Oct-2020 00:26:01 UTC] PHP Notice:  Undefined index: s in /home/shopfuzz/public_html/phammanh.com/wp-content/themes/workio/template-posts/content-none.php on line 10
[16-Oct-2020 00:26:01 UTC] PHP Notice:  Undefined index: s in /home/shopfuzz/public_html/phammanh.com/wp-content/themes/workio/template-posts/content-none.php on line 10
[16-Oct-2020 00:26:07 UTC] PHP Notice:  Undefined index: s in /home/shopfuzz/public_html/phammanh.com/wp-content/themes/workio/template-posts/content-none.php on line 10
[16-Oct-2020 00:26:09 UTC] PHP Notice:  Undefined index: s in /home/shopfuzz/public_html/phammanh.com/wp-content/themes/workio/template-posts/content-none.php on line 10
[16-Oct-2020 00:26:12 UTC] PHP Notice:  Undefined index: s in /home/shopfuzz/public_html/phammanh.com/wp-content/themes/workio/template-posts/content-none.php on line 10
[16-Oct-2020 00:28:24 UTC] PHP Notice:  Undefined index: s in /home/shopfuzz/public_html/phammanh.com/wp-content/themes/workio/template-posts/content-none.php on line 10
[16-Oct-2020 00:29:14 UTC] PHP Notice:  Undefined index: s in /home/shopfuzz/public_html/phammanh.com/wp-content/themes/workio/template-posts/content-none.php on line 10
[16-Oct-2020 00:42:35 UTC] PHP Notice:  Trying to get property 'ID' of non-object in /home/shopfuzz/public_html/phammanh.com/wp-content/plugins/raratheme-companion/includes/class-raratheme-companion-templates.php on line 18
[16-Oct-2020 00:42:35 UTC] PHP Notice:  Trying to get property 'ID' of non-object in /home/shopfuzz/public_html/phammanh.com/wp-content/plugins/raratheme-companion/includes/class-raratheme-companion-templates.php on line 18
[16-Oct-2020 02:18:49 UTC] PHP Notice:  Trying to get property 'ID' of non-object in /home/shopfuzz/public_html/phammanh.com/wp-content/plugins/raratheme-companion/includes/class-raratheme-companion-templates.php on line 18
[16-Oct-2020 02:18:49 UTC] PHP Notice:  Trying to get property 'ID' of non-object in /home/shopfuzz/public_html/phammanh.com/wp-content/plugins/raratheme-companion/includes/class-raratheme-companion-templates.php on line 18
